1581627201090	mozrunner::runner	INFO	Running command: "/usr/bin/firefox" "-marionette" "-foreground" "-no-remote" "-profile" "/tmp/rust_mozprofile.7QdJXUvB8PIX"
1581627203640	addons.webextension.screenshots@mozilla.org	WARN	Loading extension 'screenshots@mozilla.org': Reading manifest: Invalid extension permission: mozillaAddons
1581627203641	addons.webextension.screenshots@mozilla.org	WARN	Loading extension 'screenshots@mozilla.org': Reading manifest: Invalid extension permission: telemetry
1581627203642	addons.webextension.screenshots@mozilla.org	WARN	Loading extension 'screenshots@mozilla.org': Reading manifest: Invalid extension permission: resource://pdf.js/
1581627203643	addons.webextension.screenshots@mozilla.org	WARN	Loading extension 'screenshots@mozilla.org': Reading manifest: Invalid extension permission: about:reader*
JavaScript error: resource:///modules/sessionstore/SessionStore.jsm, line 1325: uncaught exception: 2147746065
1581627218275	Marionette	INFO	Listening on port 46533
1581627218360	Marionette	WARN	TLS certificate errors will be ignored for this session
1581627220889	Marionette	WARN	TimedPromise timed out after 0 ms: stacktrace:
bail@chrome://marionette/content/sync.js:237:64
1581627221142	Marionette	WARN	TimedPromise timed out after 0 ms: stacktrace:
bail@chrome://marionette/content/sync.js:237:64
1581627221410	Marionette	WARN	TimedPromise timed out after 0 ms: stacktrace:
bail@chrome://marionette/content/sync.js:237:64
1581627221439	Marionette	WARN	TimedPromise timed out after 0 ms: stacktrace:
bail@chrome://marionette/content/sync.js:237:64
1581627222150	Marionette	WARN	TimedPromise timed out after 0 ms: stacktrace:
bail@chrome://marionette/content/sync.js:237:64
1581627222414	Marionette	WARN	TimedPromise timed out after 0 ms: stacktrace:
bail@chrome://marionette/content/sync.js:237:64
1581627222675	Marionette	WARN	TimedPromise timed out after 0 ms: stacktrace:
bail@chrome://marionette/content/sync.js:237:64
1581627222691	Marionette	WARN	TimedPromise timed out after 0 ms: stacktrace:
bail@chrome://marionette/content/sync.js:237:64
1581627223457	Marionette	WARN	TimedPromise timed out after 0 ms: stacktrace:
bail@chrome://marionette/content/sync.js:237:64
1581627223723	Marionette	WARN	TimedPromise timed out after 0 ms: stacktrace:
bail@chrome://marionette/content/sync.js:237:64
1581627223992	Marionette	WARN	TimedPromise timed out after 0 ms: stacktrace:
bail@chrome://marionette/content/sync.js:237:64
1581627224006	Marionette	WARN	TimedPromise timed out after 0 ms: stacktrace:
bail@chrome://marionette/content/sync.js:237:64
1581627224738	Marionette	WARN	TimedPromise timed out after 0 ms: stacktrace:
bail@chrome://marionette/content/sync.js:237:64
1581627225001	Marionette	WARN	TimedPromise timed out after 0 ms: stacktrace:
bail@chrome://marionette/content/sync.js:237:64
1581627225275	Marionette	WARN	TimedPromise timed out after 0 ms: stacktrace:
bail@chrome://marionette/content/sync.js:237:64
1581627225291	Marionette	WARN	TimedPromise timed out after 0 ms: stacktrace:
bail@chrome://marionette/content/sync.js:237:64
1581627225455	Marionette	INFO	Stopped listening on port 46533
IPDL protocol error: Handler returned error code!

###!!! [Parent][DispatchAsyncMessage] Error: PLayerTransaction::Msg_ReleaseLayer Processing error: message was deserialized, but the handler returned false (indicating failure)

IPDL protocol error: Handler returned error code!

###!!! [Parent][DispatchAsyncMessage] Error: PLayerTransaction::Msg_ReleaseLayer Processing error: message was deserialized, but the handler returned false (indicating failure)

IPDL protocol error: Handler returned error code!

###!!! [Parent][DispatchAsyncMessage] Error: PLayerTransaction::Msg_ReleaseLayer Processing error: message was deserialized, but the handler returned false (indicating failure)

IPDL protocol error: Handler returned error code!

###!!! [Parent][DispatchAsyncMessage] Error: PLayerTransaction::Msg_ReleaseLayer Processing error: message was deserialized, but the handler returned false (indicating failure)

IPDL protocol error: Handler returned error code!

###!!! [Parent][DispatchAsyncMessage] Error: PLayerTransaction::Msg_ReleaseLayer Processing error: message was deserialized, but the handler returned false (indicating failure)

IPDL protocol error: Handler returned error code!

###!!! [Parent][DispatchAsyncMessage] Error: PLayerTransaction::Msg_ReleaseLayer Processing error: message was deserialized, but the handler returned false (indicating failure)

IPDL protocol error: Handler returned error code!

###!!! [Parent][DispatchAsyncMessage] Error: PLayerTransaction::Msg_ReleaseLayer Processing error: message was deserialized, but the handler returned false (indicating failure)

IPDL protocol error: Handler returned error code!

###!!! [Parent][DispatchAsyncMessage] Error: PLayerTransaction::Msg_ReleaseLayer Processing error: message was deserialized, but the handler returned false (indicating failure)

IPDL protocol error: Handler returned error code!

###!!! [Parent][DispatchAsyncMessage] Error: PLayerTransaction::Msg_ReleaseLayer Processing error: message was deserialized, but the handler returned false (indicating failure)

IPDL protocol error: Handler returned error code!

###!!! [Parent][DispatchAsyncMessage] Error: PLayerTransaction::Msg_ReleaseLayer Processing error: message was deserialized, but the handler returned false (indicating failure)

IPDL protocol error: Handler returned error code!

###!!! [Parent][DispatchAsyncMessage] Error: PLayerTransaction::Msg_ReleaseLayer Processing error: message was deserialized, but the handler returned false (indicating failure)

IPDL protocol error: Handler returned error code!

###!!! [Parent][DispatchAsyncMessage] Error: PLayerTransaction::Msg_ReleaseLayer Processing error: message was deserialized, but the handler returned false (indicating failure)

IPDL protocol error: Handler returned error code!

###!!! [Parent][DispatchAsyncMessage] Error: PLayerTransaction::Msg_ReleaseLayer Processing error: message was deserialized, but the handler returned false (indicating failure)

IPDL protocol error: Handler returned error code!

###!!! [Parent][DispatchAsyncMessage] Error: PLayerTransaction::Msg_ReleaseLayer Processing error: message was deserialized, but the handler returned false (indicating failure)

IPDL protocol error: Handler returned error code!

###!!! [Parent][DispatchAsyncMessage] Error: PLayerTransaction::Msg_ReleaseLayer Processing error: message was deserialized, but the handler returned false (indicating failure)

1581627261282	mozrunner::runner	INFO	Running command: "/usr/bin/firefox" "-marionette" "-foreground" "-no-remote" "-profile" "/tmp/rust_mozprofile.JTQL1l9mOlww"
1581627263709	addons.webextension.screenshots@mozilla.org	WARN	Loading extension 'screenshots@mozilla.org': Reading manifest: Invalid extension permission: mozillaAddons
1581627263710	addons.webextension.screenshots@mozilla.org	WARN	Loading extension 'screenshots@mozilla.org': Reading manifest: Invalid extension permission: telemetry
1581627263712	addons.webextension.screenshots@mozilla.org	WARN	Loading extension 'screenshots@mozilla.org': Reading manifest: Invalid extension permission: resource://pdf.js/
1581627263712	addons.webextension.screenshots@mozilla.org	WARN	Loading extension 'screenshots@mozilla.org': Reading manifest: Invalid extension permission: about:reader*
JavaScript error: resource:///modules/sessionstore/SessionStore.jsm, line 1325: uncaught exception: 2147746065
1581627270381	Marionette	INFO	Listening on port 44671
1581627270429	Marionette	WARN	TLS certificate errors will be ignored for this session
1581627271126	Marionette	WARN	TimedPromise timed out after 0 ms: stacktrace:
bail@chrome://marionette/content/sync.js:237:64
1581627271377	Marionette	WARN	TimedPromise timed out after 0 ms: stacktrace:
bail@chrome://marionette/content/sync.js:237:64
1581627271641	Marionette	WARN	TimedPromise timed out after 0 ms: stacktrace:
bail@chrome://marionette/content/sync.js:237:64
1581627271663	Marionette	WARN	TimedPromise timed out after 0 ms: stacktrace:
bail@chrome://marionette/content/sync.js:237:64
1581627272130	Marionette	WARN	TimedPromise timed out after 0 ms: stacktrace:
bail@chrome://marionette/content/sync.js:237:64
1581627272385	Marionette	WARN	TimedPromise timed out after 0 ms: stacktrace:
bail@chrome://marionette/content/sync.js:237:64
1581627272651	Marionette	WARN	TimedPromise timed out after 0 ms: stacktrace:
bail@chrome://marionette/content/sync.js:237:64
1581627272666	Marionette	WARN	TimedPromise timed out after 0 ms: stacktrace:
bail@chrome://marionette/content/sync.js:237:64
1581627273112	Marionette	WARN	TimedPromise timed out after 0 ms: stacktrace:
bail@chrome://marionette/content/sync.js:237:64
1581627273360	Marionette	WARN	TimedPromise timed out after 0 ms: stacktrace:
bail@chrome://marionette/content/sync.js:237:64
1581627273625	Marionette	WARN	TimedPromise timed out after 0 ms: stacktrace:
bail@chrome://marionette/content/sync.js:237:64
1581627273637	Marionette	WARN	TimedPromise timed out after 0 ms: stacktrace:
bail@chrome://marionette/content/sync.js:237:64
1581627274092	Marionette	WARN	TimedPromise timed out after 0 ms: stacktrace:
bail@chrome://marionette/content/sync.js:237:64
1581627274348	Marionette	WARN	TimedPromise timed out after 0 ms: stacktrace:
bail@chrome://marionette/content/sync.js:237:64
1581627274606	Marionette	WARN	TimedPromise timed out after 0 ms: stacktrace:
bail@chrome://marionette/content/sync.js:237:64
1581627274615	Marionette	WARN	TimedPromise timed out after 0 ms: stacktrace:
bail@chrome://marionette/content/sync.js:237:64
1581627275001	Marionette	WARN	TimedPromise timed out after 0 ms: stacktrace:
bail@chrome://marionette/content/sync.js:237:64
1581627275259	Marionette	WARN	TimedPromise timed out after 0 ms: stacktrace:
bail@chrome://marionette/content/sync.js:237:64
1581627275531	Marionette	WARN	TimedPromise timed out after 0 ms: stacktrace:
bail@chrome://marionette/content/sync.js:237:64
1581627275543	Marionette	WARN	TimedPromise timed out after 0 ms: stacktrace:
bail@chrome://marionette/content/sync.js:237:64
1581627276001	Marionette	WARN	TimedPromise timed out after 0 ms: stacktrace:
bail@chrome://marionette/content/sync.js:237:64
1581627276262	Marionette	WARN	TimedPromise timed out after 0 ms: stacktrace:
bail@chrome://marionette/content/sync.js:237:64
1581627276529	Marionette	WARN	TimedPromise timed out after 0 ms: stacktrace:
bail@chrome://marionette/content/sync.js:237:64
1581627276549	Marionette	WARN	TimedPromise timed out after 0 ms: stacktrace:
bail@chrome://marionette/content/sync.js:237:64
1581627276704	Marionette	INFO	Stopped listening on port 44671
1581628271292	mozrunner::runner	INFO	Running command: "/usr/bin/firefox" "-marionette" "-foreground" "-no-remote" "-profile" "/tmp/rust_mozprofile.ZhKn4i1NBKY7"
1581628272785	addons.webextension.screenshots@mozilla.org	WARN	Loading extension 'screenshots@mozilla.org': Reading manifest: Invalid extension permission: mozillaAddons
1581628272786	addons.webextension.screenshots@mozilla.org	WARN	Loading extension 'screenshots@mozilla.org': Reading manifest: Invalid extension permission: telemetry
1581628272787	addons.webextension.screenshots@mozilla.org	WARN	Loading extension 'screenshots@mozilla.org': Reading manifest: Invalid extension permission: resource://pdf.js/
1581628272787	addons.webextension.screenshots@mozilla.org	WARN	Loading extension 'screenshots@mozilla.org': Reading manifest: Invalid extension permission: about:reader*
JavaScript error: resource:///modules/sessionstore/SessionStore.jsm, line 1325: uncaught exception: 2147746065
1581628279272	Marionette	INFO	Listening on port 40549
1581628279331	Marionette	WARN	TLS certificate errors will be ignored for this session
1581628283947	Marionette	WARN	TimedPromise timed out after 0 ms: stacktrace:
bail@chrome://marionette/content/sync.js:237:64
1581628284196	Marionette	WARN	TimedPromise timed out after 0 ms: stacktrace:
bail@chrome://marionette/content/sync.js:237:64
1581628284468	Marionette	WARN	TimedPromise timed out after 0 ms: stacktrace:
bail@chrome://marionette/content/sync.js:237:64
1581628284493	Marionette	WARN	TimedPromise timed out after 0 ms: stacktrace:
bail@chrome://marionette/content/sync.js:237:64
1581628285758	Marionette	WARN	TimedPromise timed out after 0 ms: stacktrace:
bail@chrome://marionette/content/sync.js:237:64
1581628286406	Marionette	WARN	TimedPromise timed out after 0 ms: stacktrace:
bail@chrome://marionette/content/sync.js:237:64
1581628287464	Marionette	WARN	TimedPromise timed out after 0 ms: stacktrace:
bail@chrome://marionette/content/sync.js:237:64
1581628287477	Marionette	WARN	TimedPromise timed out after 0 ms: stacktrace:
bail@chrome://marionette/content/sync.js:237:64
1581628287799	Marionette	INFO	Stopped listening on port 40549
1581628296482	mozrunner::runner	INFO	Running command: "/usr/bin/firefox" "-marionette" "-foreground" "-no-remote" "-profile" "/tmp/rust_mozprofile.ZIQwDlXbfmAq"
1581628297941	addons.webextension.screenshots@mozilla.org	WARN	Loading extension 'screenshots@mozilla.org': Reading manifest: Invalid extension permission: mozillaAddons
1581628297942	addons.webextension.screenshots@mozilla.org	WARN	Loading extension 'screenshots@mozilla.org': Reading manifest: Invalid extension permission: telemetry
1581628297943	addons.webextension.screenshots@mozilla.org	WARN	Loading extension 'screenshots@mozilla.org': Reading manifest: Invalid extension permission: resource://pdf.js/
1581628297944	addons.webextension.screenshots@mozilla.org	WARN	Loading extension 'screenshots@mozilla.org': Reading manifest: Invalid extension permission: about:reader*
JavaScript error: resource:///modules/sessionstore/SessionStore.jsm, line 1325: uncaught exception: 2147746065
1581628305308	Marionette	INFO	Listening on port 42341
1581628305337	Marionette	WARN	TLS certificate errors will be ignored for this session
1581628306020	Marionette	WARN	TimedPromise timed out after 0 ms: stacktrace:
bail@chrome://marionette/content/sync.js:237:64
1581628306284	Marionette	WARN	TimedPromise timed out after 0 ms: stacktrace:
bail@chrome://marionette/content/sync.js:237:64
1581628306537	Marionette	WARN	TimedPromise timed out after 0 ms: stacktrace:
bail@chrome://marionette/content/sync.js:237:64
1581628306566	Marionette	WARN	TimedPromise timed out after 0 ms: stacktrace:
bail@chrome://marionette/content/sync.js:237:64
1581628307038	Marionette	WARN	TimedPromise timed out after 0 ms: stacktrace:
bail@chrome://marionette/content/sync.js:237:64
1581628307293	Marionette	WARN	TimedPromise timed out after 0 ms: stacktrace:
bail@chrome://marionette/content/sync.js:237:64
1581628307550	Marionette	WARN	TimedPromise timed out after 0 ms: stacktrace:
bail@chrome://marionette/content/sync.js:237:64
1581628307562	Marionette	WARN	TimedPromise timed out after 0 ms: stacktrace:
bail@chrome://marionette/content/sync.js:237:64
1581628308043	Marionette	WARN	TimedPromise timed out after 0 ms: stacktrace:
bail@chrome://marionette/content/sync.js:237:64
1581628308299	Marionette	WARN	TimedPromise timed out after 0 ms: stacktrace:
bail@chrome://marionette/content/sync.js:237:64
1581628308561	Marionette	WARN	TimedPromise timed out after 0 ms: stacktrace:
bail@chrome://marionette/content/sync.js:237:64
1581628308569	Marionette	WARN	TimedPromise timed out after 0 ms: stacktrace:
bail@chrome://marionette/content/sync.js:237:64
1581628309040	Marionette	WARN	TimedPromise timed out after 0 ms: stacktrace:
bail@chrome://marionette/content/sync.js:237:64
1581628309298	Marionette	WARN	TimedPromise timed out after 0 ms: stacktrace:
bail@chrome://marionette/content/sync.js:237:64
1581628309560	Marionette	WARN	TimedPromise timed out after 0 ms: stacktrace:
bail@chrome://marionette/content/sync.js:237:64
1581628309575	Marionette	WARN	TimedPromise timed out after 0 ms: stacktrace:
bail@chrome://marionette/content/sync.js:237:64
1581628310007	Marionette	WARN	TimedPromise timed out after 0 ms: stacktrace:
bail@chrome://marionette/content/sync.js:237:64
1581628310264	Marionette	WARN	TimedPromise timed out after 0 ms: stacktrace:
bail@chrome://marionette/content/sync.js:237:64
1581628310533	Marionette	WARN	TimedPromise timed out after 0 ms: stacktrace:
bail@chrome://marionette/content/sync.js:237:64
1581628310550	Marionette	WARN	TimedPromise timed out after 0 ms: stacktrace:
bail@chrome://marionette/content/sync.js:237:64
1581628311054	Marionette	WARN	TimedPromise timed out after 0 ms: stacktrace:
bail@chrome://marionette/content/sync.js:237:64
1581628311307	Marionette	WARN	TimedPromise timed out after 0 ms: stacktrace:
bail@chrome://marionette/content/sync.js:237:64
1581628311585	Marionette	WARN	TimedPromise timed out after 0 ms: stacktrace:
bail@chrome://marionette/content/sync.js:237:64
1581628311605	Marionette	WARN	TimedPromise timed out after 0 ms: stacktrace:
bail@chrome://marionette/content/sync.js:237:64
1581628311723	Marionette	INFO	Stopped listening on port 42341
Running Firefox as root in a regular user's session is not supported.  ($XAUTHORITY is /home/pi/.Xauthority which is owned by pi.)
Running Firefox as root in a regular user's session is not supported.  ($XAUTHORITY is /home/pi/.Xauthority which is owned by pi.)
Running Firefox as root in a regular user's session is not supported.  ($XAUTHORITY is /home/pi/.Xauthority which is owned by pi.)
Running Firefox as root in a regular user's session is not supported.  ($XAUTHORITY is /home/pi/.Xauthority which is owned by pi.)
1581631199676	mozrunner::runner	INFO	Running command: "/usr/bin/firefox" "-marionette" "-foreground" "-no-remote" "-profile" "/tmp/rust_mozprofile.fNXiqRdv8DY5"
1581631201190	addons.webextension.screenshots@mozilla.org	WARN	Loading extension 'screenshots@mozilla.org': Reading manifest: Invalid extension permission: mozillaAddons
1581631201191	addons.webextension.screenshots@mozilla.org	WARN	Loading extension 'screenshots@mozilla.org': Reading manifest: Invalid extension permission: telemetry
1581631201192	addons.webextension.screenshots@mozilla.org	WARN	Loading extension 'screenshots@mozilla.org': Reading manifest: Invalid extension permission: resource://pdf.js/
1581631201193	addons.webextension.screenshots@mozilla.org	WARN	Loading extension 'screenshots@mozilla.org': Reading manifest: Invalid extension permission: about:reader*
[Child 22208, Chrome_ChildThread] WARNING: pipe error (47): Connection reset by peer: file /build/firefox-esr-ZsozIC/firefox-esr-68.4.1esr/ipc/chromium/src/chrome/common/ipc_channel_posix.cc, line 358
Exiting due to channel error.
[Child 22235, Chrome_ChildThread] WARNING: pipe error: Broken pipe: file /build/firefox-esr-ZsozIC/firefox-esr-68.4.1esr/ipc/chromium/src/chrome/common/ipc_channel_posix.cc, line 727
[Child 22235, Chrome_ChildThread] WARNING: pipe error: Broken pipe: file /build/firefox-esr-ZsozIC/firefox-esr-68.4.1esr/ipc/chromium/src/chrome/common/ipc_channel_posix.cc, line 727
[Child 22235, Chrome_ChildThread] WARNING: pipe error: Broken pipe: file /build/firefox-esr-ZsozIC/firefox-esr-68.4.1esr/ipc/chromium/src/chrome/common/ipc_channel_posix.cc, line 727
[Child 22235, Chrome_ChildThread] WARNING: FileDescriptorSet destroyed with unconsumed descriptors: file /build/firefox-esr-ZsozIC/firefox-esr-68.4.1esr/ipc/chromium/src/chrome/common/file_descriptor_set_posix.cc, line 23
Exiting due to channel error.
1581631243127	mozrunner::runner	INFO	Running command: "/usr/bin/firefox" "-marionette" "-foreground" "-no-remote" "-profile" "/tmp/rust_mozprofile.b7Yw4y1obiKj"
1581631244608	addons.webextension.screenshots@mozilla.org	WARN	Loading extension 'screenshots@mozilla.org': Reading manifest: Invalid extension permission: mozillaAddons
1581631244609	addons.webextension.screenshots@mozilla.org	WARN	Loading extension 'screenshots@mozilla.org': Reading manifest: Invalid extension permission: telemetry
1581631244610	addons.webextension.screenshots@mozilla.org	WARN	Loading extension 'screenshots@mozilla.org': Reading manifest: Invalid extension permission: resource://pdf.js/
1581631244611	addons.webextension.screenshots@mozilla.org	WARN	Loading extension 'screenshots@mozilla.org': Reading manifest: Invalid extension permission: about:reader*
JavaScript error: resource:///modules/sessionstore/SessionStore.jsm, line 1325: uncaught exception: 2147746065
1581631250885	Marionette	INFO	Listening on port 35379
1581631250956	Marionette	WARN	TLS certificate errors will be ignored for this session
1581631251751	Marionette	WARN	TimedPromise timed out after 0 ms: stacktrace:
bail@chrome://marionette/content/sync.js:237:64
1581631252012	Marionette	WARN	TimedPromise timed out after 0 ms: stacktrace:
bail@chrome://marionette/content/sync.js:237:64
1581631252264	Marionette	WARN	TimedPromise timed out after 0 ms: stacktrace:
bail@chrome://marionette/content/sync.js:237:64
1581631252300	Marionette	WARN	TimedPromise timed out after 0 ms: stacktrace:
bail@chrome://marionette/content/sync.js:237:64
1581631252975	Marionette	WARN	TimedPromise timed out after 0 ms: stacktrace:
bail@chrome://marionette/content/sync.js:237:64
1581631253242	Marionette	WARN	TimedPromise timed out after 0 ms: stacktrace:
bail@chrome://marionette/content/sync.js:237:64
1581631253509	Marionette	WARN	TimedPromise timed out after 0 ms: stacktrace:
bail@chrome://marionette/content/sync.js:237:64
1581631253548	Marionette	WARN	TimedPromise timed out after 0 ms: stacktrace:
bail@chrome://marionette/content/sync.js:237:64
1581631254233	Marionette	WARN	TimedPromise timed out after 0 ms: stacktrace:
bail@chrome://marionette/content/sync.js:237:64
1581631254495	Marionette	WARN	TimedPromise timed out after 0 ms: stacktrace:
bail@chrome://marionette/content/sync.js:237:64
1581631254771	Marionette	WARN	TimedPromise timed out after 0 ms: stacktrace:
bail@chrome://marionette/content/sync.js:237:64
1581631254788	Marionette	WARN	TimedPromise timed out after 0 ms: stacktrace:
bail@chrome://marionette/content/sync.js:237:64
1581631255499	Marionette	WARN	TimedPromise timed out after 0 ms: stacktrace:
bail@chrome://marionette/content/sync.js:237:64
1581631255764	Marionette	WARN	TimedPromise timed out after 0 ms: stacktrace:
bail@chrome://marionette/content/sync.js:237:64
1581631256037	Marionette	WARN	TimedPromise timed out after 0 ms: stacktrace:
bail@chrome://marionette/content/sync.js:237:64
1581631256063	Marionette	WARN	TimedPromise timed out after 0 ms: stacktrace:
bail@chrome://marionette/content/sync.js:237:64
1581631256287	Marionette	INFO	Stopped listening on port 35379
1581631263932	mozrunner::runner	INFO	Running command: "/usr/bin/firefox" "-marionette" "-foreground" "-no-remote" "-profile" "/tmp/rust_mozprofile.rh9qg9DibjeT"
1581631265426	addons.webextension.screenshots@mozilla.org	WARN	Loading extension 'screenshots@mozilla.org': Reading manifest: Invalid extension permission: mozillaAddons
1581631265427	addons.webextension.screenshots@mozilla.org	WARN	Loading extension 'screenshots@mozilla.org': Reading manifest: Invalid extension permission: telemetry
1581631265428	addons.webextension.screenshots@mozilla.org	WARN	Loading extension 'screenshots@mozilla.org': Reading manifest: Invalid extension permission: resource://pdf.js/
1581631265428	addons.webextension.screenshots@mozilla.org	WARN	Loading extension 'screenshots@mozilla.org': Reading manifest: Invalid extension permission: about:reader*
JavaScript error: resource:///modules/sessionstore/SessionStore.jsm, line 1325: uncaught exception: 2147746065
1581631271854	Marionette	INFO	Listening on port 45353
1581631271877	Marionette	WARN	TLS certificate errors will be ignored for this session
1581631272530	Marionette	WARN	TimedPromise timed out after 0 ms: stacktrace:
bail@chrome://marionette/content/sync.js:237:64
1581631272787	Marionette	WARN	TimedPromise timed out after 0 ms: stacktrace:
bail@chrome://marionette/content/sync.js:237:64
1581631273049	Marionette	WARN	TimedPromise timed out after 0 ms: stacktrace:
bail@chrome://marionette/content/sync.js:237:64
1581631273068	Marionette	WARN	TimedPromise timed out after 0 ms: stacktrace:
bail@chrome://marionette/content/sync.js:237:64
1581631273523	Marionette	WARN	TimedPromise timed out after 0 ms: stacktrace:
bail@chrome://marionette/content/sync.js:237:64
1581631273777	Marionette	WARN	TimedPromise timed out after 0 ms: stacktrace:
bail@chrome://marionette/content/sync.js:237:64
1581631274034	Marionette	WARN	TimedPromise timed out after 0 ms: stacktrace:
bail@chrome://marionette/content/sync.js:237:64
1581631274047	Marionette	WARN	TimedPromise timed out after 0 ms: stacktrace:
bail@chrome://marionette/content/sync.js:237:64
1581631274506	Marionette	WARN	TimedPromise timed out after 0 ms: stacktrace:
bail@chrome://marionette/content/sync.js:237:64
1581631274768	Marionette	WARN	TimedPromise timed out after 0 ms: stacktrace:
bail@chrome://marionette/content/sync.js:237:64
1581631275028	Marionette	WARN	TimedPromise timed out after 0 ms: stacktrace:
bail@chrome://marionette/content/sync.js:237:64
1581631275053	Marionette	WARN	TimedPromise timed out after 0 ms: stacktrace:
bail@chrome://marionette/content/sync.js:237:64
1581631275537	Marionette	WARN	TimedPromise timed out after 0 ms: stacktrace:
bail@chrome://marionette/content/sync.js:237:64
1581631275795	Marionette	WARN	TimedPromise timed out after 0 ms: stacktrace:
bail@chrome://marionette/content/sync.js:237:64
1581631276051	Marionette	WARN	TimedPromise timed out after 0 ms: stacktrace:
bail@chrome://marionette/content/sync.js:237:64
1581631276062	Marionette	WARN	TimedPromise timed out after 0 ms: stacktrace:
bail@chrome://marionette/content/sync.js:237:64
1581631276471	Marionette	WARN	TimedPromise timed out after 0 ms: stacktrace:
bail@chrome://marionette/content/sync.js:237:64
1581631276735	Marionette	WARN	TimedPromise timed out after 0 ms: stacktrace:
bail@chrome://marionette/content/sync.js:237:64
1581631277003	Marionette	WARN	TimedPromise timed out after 0 ms: stacktrace:
bail@chrome://marionette/content/sync.js:237:64
1581631277020	Marionette	WARN	TimedPromise timed out after 0 ms: stacktrace:
bail@chrome://marionette/content/sync.js:237:64
1581631277502	Marionette	WARN	TimedPromise timed out after 0 ms: stacktrace:
bail@chrome://marionette/content/sync.js:237:64
1581631277756	Marionette	WARN	TimedPromise timed out after 0 ms: stacktrace:
bail@chrome://marionette/content/sync.js:237:64
1581631278030	Marionette	WARN	TimedPromise timed out after 0 ms: stacktrace:
bail@chrome://marionette/content/sync.js:237:64
1581631278054	Marionette	WARN	TimedPromise timed out after 0 ms: stacktrace:
bail@chrome://marionette/content/sync.js:237:64
1581631278175	Marionette	INFO	Stopped listening on port 45353

###!!! [Child][RunMessage] Error: Channel closing: too late to send/recv, messages will be lost


###!!! [Child][RunMessage] Error: Channel closing: too late to send/recv, messages will be lost

